

HI-TECH Software 8051 Macro Assembler V9.60                                Page 1
                                                       Mon Apr 11 08:40:05 2022

     1                           	psect	idata,class=DATA,space=1,limit=080h
     2                           	psect	irdata,class=DATA,limit=080h
     3                           	global	_main
     4                           	signat	_main,88
     5                           	global	stack_internal
     6                           	psect	text,class=CODE
     7                           	psect	text
     8                           	file	"E:\”◊≈¡¿\«≈Ã÷Œ¬\5œ–¿ “~1\5œ–¿ “~1\kv\œ–Œ≈
                                  “1\main.c"
     9                           	line	3
    10  00110                     _main:
    11  00110  02 0261            	j	f1411
    12  00113                     f1410:
    13                           ;main.c: 2: void main()
    14                           
    15                           ;main.c: 3: {
    16                           
    17                           	psect	data,class=CODE
    18                           	psect	data
    19  00100                     F157:
    20  00100  37                 	db	(55)
    21  00101  38                 	db	(56)
    22  00102  39                 	db	(57)
    23  00103  2B                 	db	(43)
    24  00104  34                 	db	(52)
    25  00105  35                 	db	(53)
    26  00106  36                 	db	(54)
    27  00107  2D                 	db	(45)
    28  00108  31                 	db	(49)
    29  00109  32                 	db	(50)
    30  0010A  33                 	db	(51)
    31  0010B  2A                 	db	(42)
    32  0010C  43                 	db	(67)
    33  0010D  30                 	db	(48)
    34  0010E  3D                 	db	(61)
    35  0010F  2F                 	db	(47)
    36                           ;	var   _symbol assigned to ?a_main+0
    37                           ;main.c: 4: char symbol[4][4]={{'7','8','9','+'}
                                 ,
    38                           
    39                           ;main.c: 5: {'4','5','6','-'},
    40                           
    41                           ;main.c: 6: {'1','2','3','*'},
    42                           
    43                           ;main.c: 7: {'C','0','=','/'}};
    44                           
    45                           	psect	text
    46                           	line	7
    47  00113  78 01              	mov	r0,#high (F157)
    48  00115  79 00              	mov	r1,#low (F157)
    49  00117  7A 00              	mov	r2,#high (?a_main+0)
    50  00119  7B 20              	mov	r3,#low (?a_main+0)
    51  0011B  7D 10              	mov	r5,#low 16
    52  0011D  7C 00              	mov	r4,#high 16
    53                           	global	str_copy
    54  0011F  12 0019            	lcall	str_copy
    55                           ;	var   _i assigned to ?a_main+16
    56                           ;main.c: 8: int i = 0,n = 0;
    57                           
    58                           	line	8
    59  00122  E4                 	clr	a
    60  00123  F5 30              	mov	?a_main+16,a
    61  00125  F5 31              	mov	?a_main+16+1,a
    62                           ;	var   _n assigned to ?a_main+18
    63  00127  E4                 	clr	a
    64  00128  F5 32              	mov	?a_main+18,a
    65  0012A  F5 33              	mov	?a_main+18+1,a
    66                           ;main.c: 10: P0 = 0x38;
    67                           
    68                           	line	10
    69  0012C  75 80 38           	mov	080h,#56
    70                           ;main.c: 11: P2 = 0x1;
    71                           
    72                           	line	11
    73  0012F  75 A0 01           	mov	0A0h,#1
    74                           ;main.c: 12: P2 = 0x0;
    75                           
    76                           	line	12
    77  00132  75 A0 00           	mov	0A0h,#0
    78                           ;main.c: 13: P0 = 0x80;
    79                           
    80                           	line	13
    81  00135  75 80 80           	mov	080h,#128
    82                           ;main.c: 14: P2 = 0x1;
    83                           
    84                           	line	14
    85  00138  75 A0 01           	mov	0A0h,#1
    86                           ;main.c: 15: P2 = 0x0;
    87                           
    88                           	line	15
    89  0013B  75 A0 00           	mov	0A0h,#0
    90                           ;main.c: 17: while(1){
    91                           
    92                           	line	17
    93  0013E                     l5:
    94                           ;main.c: 19: P10 = 0;
    95                           
    96                           	line	19
    97  0013E  C2 90              	clr	p1.0
    98                           ;main.c: 20: if(P14 == 0){ P0 = symbol[0][3]; P2
                                  = 0x3; P2 = 0x2;}
    99                           
   100                           	line	20
   101  00140  20 94 02           	bb	p1.4, u11
   102  00143  80 02              	jmp	u10
   103  00145                     u11:
   104  00145  80 0A              	jmp	l7
   105  00147                     u10:
   106  00147  79 23              	mov	r1,#?a_main+0+03h
   107  00149  87 80              	mov	080h,@r1
   108  0014B  75 A0 03           	mov	0A0h,#3
   109  0014E  75 A0 02           	mov	0A0h,#2
   110  00151                     l7:
   111                           ;main.c: 21: if(P15 == 0){ P0 = symbol[0][2]; P2
                                  = 0x3; P2 = 0x2;}
   112                           
   113                           	line	21
   114  00151  20 95 02           	bb	p1.5, u21
   115  00154  80 02              	jmp	u20
   116  00156                     u21:
   117  00156  80 0A              	jmp	l8
   118  00158                     u20:
   119  00158  79 22              	mov	r1,#?a_main+0+02h
   120  0015A  87 80              	mov	080h,@r1
   121  0015C  75 A0 03           	mov	0A0h,#3
   122  0015F  75 A0 02           	mov	0A0h,#2
   123  00162                     l8:
   124                           ;main.c: 22: if(P16 == 0){ P0 = symbol[0][1]; P2
                                  = 0x3; P2 = 0x2;}
   125                           
   126                           	line	22
   127  00162  20 96 02           	bb	p1.6, u31
   128  00165  80 02              	jmp	u30
   129  00167                     u31:
   130  00167  80 0A              	jmp	l9
   131  00169                     u30:
   132  00169  79 21              	mov	r1,#?a_main+0+01h
   133  0016B  87 80              	mov	080h,@r1
   134  0016D  75 A0 03           	mov	0A0h,#3
   135  00170  75 A0 02           	mov	0A0h,#2
   136  00173                     l9:
   137                           ;main.c: 23: if(P17 == 0){ P0 = symbol[0][0]; P2
                                  = 0x3; P2 = 0x2;}
   138                           
   139                           	line	23
   140  00173  20 97 02           	bb	p1.7, u41
   141  00176  80 02              	jmp	u40
   142  00178                     u41:
   143  00178  80 0A              	jmp	l10
   144  0017A                     u40:
   145  0017A  79 20              	mov	r1,#?a_main+0
   146  0017C  87 80              	mov	080h,@r1
   147  0017E  75 A0 03           	mov	0A0h,#3
   148  00181  75 A0 02           	mov	0A0h,#2
   149  00184                     l10:
   150                           ;main.c: 24: P10 = 1;
   151                           
   152                           	line	24
   153  00184  D2 90              	setb	p1.0
   154                           ;main.c: 26: P11 = 0;
   155                           
   156                           	line	26
   157  00186  C2 91              	clr	p1.1
   158                           ;main.c: 27: if(P14 == 0){ P0 = symbol[1][3]; P2
                                  = 0x3; P2 = 0x2;}
   159                           
   160                           	line	27
   161  00188  20 94 02           	bb	p1.4, u51
   162  0018B  80 02              	jmp	u50
   163  0018D                     u51:
   164  0018D  80 0A              	jmp	l11
   165  0018F                     u50:
   166  0018F  79 27              	mov	r1,#?a_main+0+07h
   167  00191  87 80              	mov	080h,@r1
   168  00193  75 A0 03           	mov	0A0h,#3
   169  00196  75 A0 02           	mov	0A0h,#2
   170  00199                     l11:
   171                           ;main.c: 28: if(P15 == 0){ P0 = symbol[1][2]; P2
                                  = 0x3; P2 = 0x2;}
   172                           
   173                           	line	28
   174  00199  20 95 02           	bb	p1.5, u61
   175  0019C  80 02              	jmp	u60
   176  0019E                     u61:
   177  0019E  80 0A              	jmp	l12
   178  001A0                     u60:
   179  001A0  79 26              	mov	r1,#?a_main+0+06h
   180  001A2  87 80              	mov	080h,@r1
   181  001A4  75 A0 03           	mov	0A0h,#3
   182  001A7  75 A0 02           	mov	0A0h,#2
   183  001AA                     l12:
   184                           ;main.c: 29: if(P16 == 0){ P0 = symbol[1][1]; P2
                                  = 0x3; P2 = 0x2;}
   185                           
   186                           	line	29
   187  001AA  20 96 02           	bb	p1.6, u71
   188  001AD  80 02              	jmp	u70
   189  001AF                     u71:
   190  001AF  80 0A              	jmp	l13
   191  001B1                     u70:
   192  001B1  79 25              	mov	r1,#?a_main+0+05h
   193  001B3  87 80              	mov	080h,@r1
   194  001B5  75 A0 03           	mov	0A0h,#3
   195  001B8  75 A0 02           	mov	0A0h,#2
   196  001BB                     l13:
   197                           ;main.c: 30: if(P17 == 0){ P0 = symbol[1][0]; P2
                                  = 0x3; P2 = 0x2;}
   198                           
   199                           	line	30
   200  001BB  20 97 02           	bb	p1.7, u81
   201  001BE  80 02              	jmp	u80
   202  001C0                     u81:
   203  001C0  80 0A              	jmp	l14
   204  001C2                     u80:
   205  001C2  79 24              	mov	r1,#?a_main+0+04h
   206  001C4  87 80              	mov	080h,@r1
   207  001C6  75 A0 03           	mov	0A0h,#3
   208  001C9  75 A0 02           	mov	0A0h,#2
   209  001CC                     l14:
   210                           ;main.c: 31: P11 = 1;
   211                           
   212                           	line	31
   213  001CC  D2 91              	setb	p1.1
   214                           ;main.c: 33: P12 = 0;
   215                           
   216                           	line	33
   217  001CE  C2 92              	clr	p1.2
   218                           ;main.c: 34: if(P14 == 0){ P0 = symbol[2][3]; P2
                                  = 0x3; P2 = 0x2;}
   219                           
   220                           	line	34
   221  001D0  20 94 02           	bb	p1.4, u91
   222  001D3  80 02              	jmp	u90
   223  001D5                     u91:
   224  001D5  80 0A              	jmp	l15
   225  001D7                     u90:
   226  001D7  79 2B              	mov	r1,#?a_main+0+0Bh
   227  001D9  87 80              	mov	080h,@r1
   228  001DB  75 A0 03           	mov	0A0h,#3
   229  001DE  75 A0 02           	mov	0A0h,#2
   230  001E1                     l15:
   231                           ;main.c: 35: if(P15 == 0){ P0 = symbol[2][2]; P2
                                  = 0x3; P2 = 0x2;}
   232                           
   233                           	line	35
   234  001E1  20 95 02           	bb	p1.5, u101
   235  001E4  80 02              	jmp	u100
   236  001E6                     u101:
   237  001E6  80 0A              	jmp	l16
   238  001E8                     u100:
   239  001E8  79 2A              	mov	r1,#?a_main+0+0Ah
   240  001EA  87 80              	mov	080h,@r1
   241  001EC  75 A0 03           	mov	0A0h,#3
   242  001EF  75 A0 02           	mov	0A0h,#2
   243  001F2                     l16:
   244                           ;main.c: 36: if(P16 == 0){ P0 = symbol[2][1]; P2
                                  = 0x3; P2 = 0x2;}
   245                           
   246                           	line	36
   247  001F2  20 96 02           	bb	p1.6, u111
   248  001F5  80 02              	jmp	u110
   249  001F7                     u111:
   250  001F7  80 0A              	jmp	l17
   251  001F9                     u110:
   252  001F9  79 29              	mov	r1,#?a_main+0+09h
   253  001FB  87 80              	mov	080h,@r1
   254  001FD  75 A0 03           	mov	0A0h,#3
   255  00200  75 A0 02           	mov	0A0h,#2
   256  00203                     l17:
   257                           ;main.c: 37: if(P17 == 0){ P0 = symbol[2][0]; P2
                                  = 0x3; P2 = 0x2;}
   258                           
   259                           	line	37
   260  00203  20 97 02           	bb	p1.7, u121
   261  00206  80 02              	jmp	u120
   262  00208                     u121:
   263  00208  80 0A              	jmp	l18
   264  0020A                     u120:
   265  0020A  79 28              	mov	r1,#?a_main+0+08h
   266  0020C  87 80              	mov	080h,@r1
   267  0020E  75 A0 03           	mov	0A0h,#3
   268  00211  75 A0 02           	mov	0A0h,#2
   269  00214                     l18:
   270                           ;main.c: 38: P12 = 1;
   271                           
   272                           	line	38
   273  00214  D2 92              	setb	p1.2
   274                           ;main.c: 40: P13 = 0;
   275                           
   276                           	line	40
   277  00216  C2 93              	clr	p1.3
   278                           ;main.c: 41: if(P14 == 0){ P0 = symbol[3][3]; P2
                                  = 0x3; P2 = 0x2;}
   279                           
   280                           	line	41
   281  00218  20 94 02           	bb	p1.4, u131
   282  0021B  80 02              	jmp	u130
   283  0021D                     u131:
   284  0021D  80 0A              	jmp	l19
   285  0021F                     u130:
   286  0021F  79 2F              	mov	r1,#?a_main+0+0Fh
   287  00221  87 80              	mov	080h,@r1
   288  00223  75 A0 03           	mov	0A0h,#3
   289  00226  75 A0 02           	mov	0A0h,#2
   290  00229                     l19:
   291                           ;main.c: 42: if(P15 == 0){ P0 = symbol[3][2]; P2
                                  = 0x3; P2 = 0x2;}
   292                           
   293                           	line	42
   294  00229  20 95 02           	bb	p1.5, u141
   295  0022C  80 02              	jmp	u140
   296  0022E                     u141:
   297  0022E  80 0A              	jmp	l20
   298  00230                     u140:
   299  00230  79 2E              	mov	r1,#?a_main+0+0Eh
   300  00232  87 80              	mov	080h,@r1
   301  00234  75 A0 03           	mov	0A0h,#3
   302  00237  75 A0 02           	mov	0A0h,#2
   303  0023A                     l20:
   304                           ;main.c: 43: if(P16 == 0){ P0 = symbol[3][1]; P2
                                  = 0x3; P2 = 0x2;}
   305                           
   306                           	line	43
   307  0023A  20 96 02           	bb	p1.6, u151
   308  0023D  80 02              	jmp	u150
   309  0023F                     u151:
   310  0023F  80 0A              	jmp	l21
   311  00241                     u150:
   312  00241  79 2D              	mov	r1,#?a_main+0+0Dh
   313  00243  87 80              	mov	080h,@r1
   314  00245  75 A0 03           	mov	0A0h,#3
   315  00248  75 A0 02           	mov	0A0h,#2
   316  0024B                     l21:
   317                           ;main.c: 44: if(P17 == 0){ P0 = 0x1; P2 = 0x1; P
                                 2 = 0x0;}
   318                           
   319                           	line	44
   320  0024B  20 97 02           	bb	p1.7, u161
   321  0024E  80 02              	jmp	u160
   322  00250                     u161:
   323  00250  80 09              	jmp	l22
   324  00252                     u160:
   325  00252  75 80 01           	mov	080h,#1
   326  00255  75 A0 01           	mov	0A0h,#1
   327  00258  75 A0 00           	mov	0A0h,#0
   328  0025B                     l22:
   329                           ;main.c: 45: P13 = 1;
   330                           
   331                           	line	45
   332  0025B  D2 93              	setb	p1.3
   333                           	line	47
   334  0025D                     l4:
   335                           	line	17
   336  0025D  02 013E            	jmp	l5
   337  00260                     l6:
   338                           ;main.c: 47: }
   339                           
   340                           ;main.c: 48: }
   341                           
   342                           	line	48
   343  00260                     l3:
   344  00260  22                 	ret
   345  00261                     f1411:
   346  00261  02 0113            	j	f1410
   347                           	FNSIZE	_main,20,0
   348                           	global	?a_main
   349  0000                     f1412	equ	0
   350  0000                     _A10	equ	162
   351  0000                     _A11	equ	163
   352  0000                     _A12	equ	164
   353  0000                     _A13	equ	165
   354  0000                     _A14	equ	166
   355  0000                     _A15	equ	167
   356  0000                     _A8	equ	160
   357  0000                     _A9	equ	161
   358  0000                     _AC	equ	214
   359  0000                     _ACC0	equ	224
   360  0000                     _ACC1	equ	225
   361  0000                     _ACC2	equ	226
   362  0000                     _ACC3	equ	227
   363  0000                     _ACC4	equ	228
   364  0000                     _ACC5	equ	229
   365  0000                     _ACC6	equ	230
   366  0000                     _ACC7	equ	231
   367  0000                     _AD0	equ	128
   368  0000                     _AD1	equ	129
   369  0000                     _AD2	equ	130
   370  0000                     _AD3	equ	131
   371  0000                     _AD4	equ	132
   372  0000                     _AD5	equ	133
   373  0000                     _AD6	equ	134
   374  0000                     _AD7	equ	135
   375  0000                     _B0	equ	240
   376  0000                     _B1	equ	241
   377  0000                     _B2	equ	242
   378  0000                     _B3	equ	243
   379  0000                     _B4	equ	244
   380  0000                     _B5	equ	245
   381  0000                     _B6	equ	246
   382  0000                     _B7	equ	247
   383  0000                     _CY	equ	215
   384  0000                     _EA	equ	175
   385  0000                     _ES	equ	172
   386  0000                     _ET0	equ	169
   387  0000                     _ET1	equ	171
   388  0000                     _EX0	equ	168
   389  0000                     _EX1	equ	170
   390  0000                     _F0	equ	213
   391  0000                     _IE0	equ	137
   392  0000                     _IE1	equ	139
   393  0000                     _INT0	equ	178
   394  0000                     _INT1	equ	179
   395  0000                     _IT0	equ	136
   396  0000                     _IT1	equ	138
   397  0000                     _OV	equ	210
   398  0000                     _P	equ	208
   399  0000                     _P00	equ	128
   400  0000                     _P01	equ	129
   401  0000                     _P02	equ	130
   402  0000                     _P03	equ	131
   403  0000                     _P04	equ	132
   404  0000                     _P05	equ	133
   405  0000                     _P06	equ	134
   406  0000                     _P07	equ	135
   407  0000                     _P10	equ	144
   408  0000                     _P11	equ	145
   409  0000                     _P12	equ	146
   410  0000                     _P13	equ	147
   411  0000                     _P14	equ	148
   412  0000                     _P15	equ	149
   413  0000                     _P16	equ	150
   414  0000                     _P17	equ	151
   415  0000                     _P20	equ	160
   416  0000                     _P21	equ	161
   417  0000                     _P22	equ	162
   418  0000                     _P23	equ	163
   419  0000                     _P24	equ	164
   420  0000                     _P25	equ	165
   421  0000                     _P26	equ	166
   422  0000                     _P27	equ	167
   423  0000                     _P30	equ	176
   424  0000                     _P31	equ	177
   425  0000                     _P32	equ	178
   426  0000                     _P33	equ	179
   427  0000                     _P34	equ	180
   428  0000                     _P35	equ	181
   429  0000                     _P36	equ	182
   430  0000                     _P37	equ	183
   431  0000                     _PS	equ	188
   432  0000                     _PT0	equ	185
   433  0000                     _PT1	equ	187
   434  0000                     _PX0	equ	184
   435  0000                     _PX1	equ	186
   436  0000                     _RB8	equ	154
   437  0000                     _RD	equ	183
   438  0000                     _REN	equ	156
   439  0000                     _RI	equ	152
   440  0000                     _RS0	equ	211
   441  0000                     _RS1	equ	212
   442  0000                     _RXD	equ	176
   443  0000                     _SM0	equ	159
   444  0000                     _SM1	equ	158
   445  0000                     _SM2	equ	157
   446  0000                     _T0	equ	180
   447  0000                     _T1	equ	181
   448  0000                     _TB8	equ	155
   449  0000                     _TF0	equ	141
   450  0000                     _TF1	equ	143
   451  0000                     _TI	equ	153
   452  0000                     _TR0	equ	140
   453  0000                     _TR1	equ	142
   454  0000                     _TXD	equ	177
   455  0000                     _WR	equ	182
   456  0000                     _ACC	equ	224
   457  0000                     _B	equ	240
   458  0000                     _DPH	equ	131
   459  0000                     _DPL	equ	130
   460  0000                     _IE	equ	168
   461  0000                     _IP	equ	184
   462  0000                     _P0	equ	128
   463  0000                     _P1	equ	144
   464  0000                     _P2	equ	160
   465  0000                     _P3	equ	176
   466  0000                     _PCON	equ	135
   467  0000                     _PSW	equ	208
   468  0000                     _SBUF	equ	153
   469  0000                     _SCON	equ	152
   470  0000                     _SP	equ	129
   471  0000                     _TCON	equ	136
   472  0000                     _TH0	equ	140
   473  0000                     _TH1	equ	141
   474  0000                     _TL0	equ	138
   475  0000                     _TL1	equ	139
   476  0000                     _TMOD	equ	137
   477  0000                     _ACC_BITS	equ	224
   478  0000                     _B_BITS	equ	240
   479  0000                     _IE_BITS	equ	168
   480  0000                     _IP_BITS	equ	184
   481  0000                     _P0_BITS	equ	128
   482  0000                     _P1_BITS	equ	144
   483  0000                     _P2_BITS	equ	160
   484  0000                     _P3_BITS	equ	176
   485  0000                     _PCON_BITS	equ	135
   486  0000                     _PSW_BITS	equ	208
   487  0000                     _SCON_BITS	equ	152
   488  0000                     _TCON_BITS	equ	136
   489  0000                     _TMOD_BITS	equ	137


HI-TECH Software 8051 Macro Assembler V9.60                                Page 2
Symbol Table                                           Mon Apr 11 08:40:05 2022

       ?a_main 00020              _B 000F0              l3 00260  
            l4 0025D              l5 0013E              _P 000D0  
            l6 00260              l7 00151              l8 00162  
            l9 00173             _B0 000F0             _B1 000F1  
           _B2 000F2             _B3 000F3             _B4 000F4  
           _B5 000F5             _B6 000F6             _A8 000A0  
           _B7 000F7             _A9 000A1             _F0 000D5  
           _AC 000D6             l10 00184             l11 00199  
           l20 0023A             l12 001AA             l21 0024B  
           l13 001BB             l22 0025B             l14 001CC  
           _EA 000AF             l15 001E1             l16 001F2  
           l17 00203             l18 00214             l19 00229  
           _P0 00080             _P1 00090             _P2 000A0  
           _P3 000B0             _IE 000A8             _T0 000B4  
           _T1 000B5             _ES 000AC             _CY 000D7  
           _IP 000B8             _RD 000B7             u10 00147  
           u11 00145             u20 00158             _RI 00098  
           u21 00156             u30 00169             u31 00167  
           u40 0017A             _TI 00099             u41 00178  
           u50 0018F             _PS 000BC             u51 0018D  
           _OV 000D2             u60 001A0             u61 0019E  
           _SP 00081             u70 001B1             u71 001AF  
           u80 001C2             u81 001C0             u90 001D7  
           u91 001D5             _WR 000B6         _B_BITS 000F0  
          F157 00100            _A10 000A2            _A11 000A3  
          _A12 000A4            _A13 000A5            _A14 000A6  
          _A15 000A7            _AD0 00080            _AD1 00081  
          _AD2 00082            _AD3 00083            _AD4 00084  
          _AD5 00085            _AD6 00086            _AD7 00087  
          _ACC 000E0            _P00 00080            _P01 00081  
          _P10 00090            _P02 00082            _P11 00091  
          _P03 00083            _P20 000A0            _P12 00092  
          _P04 00084            _P21 000A1            _P13 00093  
          _P05 00085            _P30 000B0            _P22 000A2  
          _P14 00094            _P06 00086            _P31 000B1  
          _P23 000A3            _P15 00095            _P07 00087  
          _P32 000B2            _P24 000A4            _P16 00096  
          _P33 000B3            _P25 000A5            _P17 00097  
          _P34 000B4            _P26 000A6            _P35 000B5  
          _P27 000A7            _P36 000B6            _P37 000B7  
          _IE0 00089            _IE1 0008B            _ET0 000A9  
          _ET1 000AB            _EX0 000A8            _EX1 000AA  
          _DPH 00083            _DPL 00082            _IT0 00088  
          _IT1 0008A            _RB8 0009A            u100 001E8  
          u101 001E6            u110 001F9            u111 001F7  
          u120 0020A            u121 00208            u130 0021F  
          u131 0021D            _TF0 0008D            _TB8 0009B  
          u140 00230            _TF1 0008F            u141 0022E  
          u150 00241            u151 0023F            _TH0 0008C  
          u160 00252            _TH1 0008D            u161 00250  
          _SM0 0009F            _SM1 0009E            _TL0 0008A  
          _SM2 0009D            _PT0 000B9            _TL1 0008B  
          _PT1 000BB            _RS0 000D3            _RS1 000D4  
          _REN 0009C            _PX0 000B8            _PX1 000BA  
          _TR0 0008C            _TR1 0008E            _RXD 000B0  
          _PSW 000D0            _TXD 000B1        _P0_BITS 00080  
      _P1_BITS 00090        _P2_BITS 000A0        _P3_BITS 000B0  
      _IE_BITS 000A8       _ACC_BITS 000E0        _IP_BITS 000B8  
         f1410 00113           f1411 00261           f1412 00000  
         _ACC0 000E0           _ACC1 000E1           _ACC2 000E2  
         _ACC3 000E3           _ACC4 000E4           _ACC5 000E5  
         _ACC6 000E6           _ACC7 000E7  stack_internal 00001  
         _INT0 000B2           _INT1 000B3           _PCON 00087  
         _SCON 00098           _SBUF 00099           _TCON 00088  
         _TMOD 00089           _main 00110       _PSW_BITS 000D0  
    _PCON_BITS 00087      _SCON_BITS 00098      _TCON_BITS 00088  
      str_copy 00019      _TMOD_BITS 00089  
